Generated at 2016-05-28 02:27:55 +0000
SystemExit: exit
/opt/chef/embedded/lib/ruby/gems/2.1.0/gems/chef-12.7.2/lib/chef/application.rb:332:in `exit'
/opt/chef/embedded/lib/ruby/gems/2.1.0/gems/chef-12.7.2/lib/chef/application.rb:332:in `fatal!'
/opt/chef/embedded/lib/ruby/gems/2.1.0/gems/chef-12.7.2/lib/chef/application.rb:63:in `block in setup_signal_handlers'
/opt/chef/embedded/lib/ruby/gems/2.1.0/gems/highline-1.7.8/lib/highline/color_scheme.rb:42:in `call'
/opt/chef/embedded/lib/ruby/gems/2.1.0/gems/highline-1.7.8/lib/highline/color_scheme.rb:42:in `<class:HighLine>'
/opt/chef/embedded/lib/ruby/gems/2.1.0/gems/highline-1.7.8/lib/highline/color_scheme.rb:8:in `<top (required)>'
/opt/chef/embedded/lib/ruby/site_ruby/2.1.0/rubygems/core_ext/kernel_require.rb:55:in `require'
/opt/chef/embedded/lib/ruby/site_ruby/2.1.0/rubygems/core_ext/kernel_require.rb:55:in `require'
/opt/chef/embedded/lib/ruby/gems/2.1.0/gems/highline-1.7.8/lib/highline.rb:18:in `<top (required)>'
/opt/chef/embedded/lib/ruby/site_ruby/2.1.0/rubygems/core_ext/kernel_require.rb:55:in `require'
/opt/chef/embedded/lib/ruby/site_ruby/2.1.0/rubygems/core_ext/kernel_require.rb:55:in `require'
/opt/chef/embedded/lib/ruby/gems/2.1.0/gems/chef-12.7.2/lib/chef/formatters/indentable_output_stream.rb:22:in `highline'
/opt/chef/embedded/lib/ruby/gems/2.1.0/gems/chef-12.7.2/lib/chef/formatters/indentable_output_stream.rb:131:in `print_line'
/opt/chef/embedded/lib/ruby/gems/2.1.0/gems/chef-12.7.2/lib/chef/formatters/indentable_output_stream.rb:117:in `block in print_string'
/opt/chef/embedded/lib/ruby/gems/2.1.0/gems/chef-12.7.2/lib/chef/formatters/indentable_output_stream.rb:116:in `each'
/opt/chef/embedded/lib/ruby/gems/2.1.0/gems/chef-12.7.2/lib/chef/formatters/indentable_output_stream.rb:116:in `print_string'
/opt/chef/embedded/lib/ruby/gems/2.1.0/gems/chef-12.7.2/lib/chef/formatters/indentable_output_stream.rb:84:in `block in print'
/opt/chef/embedded/lib/ruby/gems/2.1.0/gems/chef-12.7.2/lib/chef/formatters/indentable_output_stream.rb:79:in `synchronize'
/opt/chef/embedded/lib/ruby/gems/2.1.0/gems/chef-12.7.2/lib/chef/formatters/indentable_output_stream.rb:79:in `print'
/opt/chef/embedded/lib/ruby/gems/2.1.0/gems/chef-12.7.2/lib/chef/formatters/indentable_output_stream.rb:50:in `puts_line'
/opt/chef/embedded/lib/ruby/gems/2.1.0/gems/chef-12.7.2/lib/chef/formatters/base.rb:87:in `puts_line'
/opt/chef/embedded/lib/ruby/gems/2.1.0/gems/chef-12.7.2/lib/chef/formatters/doc.rb:45:in `run_start'
/opt/chef/embedded/lib/ruby/gems/2.1.0/gems/chef-12.7.2/lib/chef/event_dispatch/dispatcher.rb:43:in `call'
/opt/chef/embedded/lib/ruby/gems/2.1.0/gems/chef-12.7.2/lib/chef/event_dispatch/dispatcher.rb:43:in `block in call_subscribers'
/opt/chef/embedded/lib/ruby/gems/2.1.0/gems/chef-12.7.2/lib/chef/event_dispatch/dispatcher.rb:34:in `each'
/opt/chef/embedded/lib/ruby/gems/2.1.0/gems/chef-12.7.2/lib/chef/event_dispatch/dispatcher.rb:34:in `call_subscribers'
(eval):2:in `run_start'
/opt/chef/embedded/lib/ruby/gems/2.1.0/gems/chef-12.7.2/lib/chef/client.rb:257:in `run'
/opt/chef/embedded/lib/ruby/gems/2.1.0/gems/chef-12.7.2/lib/chef/application.rb:270:in `block in fork_chef_client'
/opt/chef/embedded/lib/ruby/gems/2.1.0/gems/chef-12.7.2/lib/chef/application.rb:258:in `fork'
/opt/chef/embedded/lib/ruby/gems/2.1.0/gems/chef-12.7.2/lib/chef/application.rb:258:in `fork_chef_client'
/opt/chef/embedded/lib/ruby/gems/2.1.0/gems/chef-12.7.2/lib/chef/application.rb:223:in `block in run_chef_client'
/opt/chef/embedded/lib/ruby/gems/2.1.0/gems/chef-12.7.2/lib/chef/local_mode.rb:44:in `with_server_connectivity'
/opt/chef/embedded/lib/ruby/gems/2.1.0/gems/chef-12.7.2/lib/chef/application.rb:211:in `run_chef_client'
/opt/chef/embedded/lib/ruby/gems/2.1.0/gems/chef-12.7.2/lib/chef/application/solo.rb:297:in `block in interval_run_chef_client'
/opt/chef/embedded/lib/ruby/gems/2.1.0/gems/chef-12.7.2/lib/chef/application/solo.rb:286:in `loop'
/opt/chef/embedded/lib/ruby/gems/2.1.0/gems/chef-12.7.2/lib/chef/application/solo.rb:286:in `interval_run_chef_client'
/opt/chef/embedded/lib/ruby/gems/2.1.0/gems/chef-12.7.2/lib/chef/application/solo.rb:265:in `run_application'
/opt/chef/embedded/lib/ruby/gems/2.1.0/gems/chef-12.7.2/lib/chef/application.rb:58:in `run'
/opt/chef/embedded/lib/ruby/gems/2.1.0/gems/chef-12.7.2/bin/chef-solo:25:in `<top (required)>'
/usr/bin/chef-solo:50:in `load'
/usr/bin/chef-solo:50:in `<main>'